<?xml version="1.0" encoding="UTF-8"?>
<!-- Generated by org.testng.reporters.JUnitReportReporter -->
<testsuite hostname="DESKTOP-CKIOHLK" failures="0" tests="1" name="com.ebanking.testcases.TC_LoginTest_001" time="11.787" errors="0" timestamp="2024-02-18T19:51:53 IST" skipped="0">
  <testcase classname="com.ebanking.testcases.TC_LoginTest_001" name="LoginTest" time="11.787"/>
</testsuite> <!-- com.ebanking.testcases.TC_LoginTest_001 -->
